{"/Users/philipandersson/desk2/react-tw/src/create-styles.ts": {"path":"/Users/philipandersson/desk2/react-tw/src/create-styles.ts","all":false,"statementMap":{"0":{"start":{"line":1,"column":0},"end":{"line":1,"column":31}},"1":{"start":{"line":2,"column":0},"end":{"line":2,"column":0}},"2":{"start":{"line":3,"column":0},"end":{"line":3,"column":17}},"3":{"start":{"line":4,"column":0},"end":{"line":4,"column":10}},"4":{"start":{"line":5,"column":0},"end":{"line":5,"column":10}},"5":{"start":{"line":6,"column":0},"end":{"line":6,"column":11}},"6":{"start":{"line":7,"column":0},"end":{"line":7,"column":8}},"7":{"start":{"line":8,"column":0},"end":{"line":8,"column":13}},"8":{"start":{"line":9,"column":0},"end":{"line":9,"column":15}},"9":{"start":{"line":10,"column":0},"end":{"line":10,"column":14}},"10":{"start":{"line":11,"column":0},"end":{"line":11,"column":35}},"11":{"start":{"line":12,"column":0},"end":{"line":12,"column":48}},"12":{"start":{"line":13,"column":0},"end":{"line":13,"column":0}},"13":{"start":{"line":14,"column":0},"end":{"line":14,"column":29}},"14":{"start":{"line":15,"column":0},"end":{"line":15,"column":39}},"15":{"start":{"line":16,"column":0},"end":{"line":16,"column":18}},"16":{"start":{"line":17,"column":0},"end":{"line":17,"column":32}},"17":{"start":{"line":18,"column":0},"end":{"line":18,"column":41}},"18":{"start":{"line":19,"column":0},"end":{"line":19,"column":26}},"19":{"start":{"line":20,"column":0},"end":{"line":20,"column":49}},"20":{"start":{"line":21,"column":0},"end":{"line":21,"column":0}},"21":{"start":{"line":22,"column":0},"end":{"line":22,"column":22}},"22":{"start":{"line":23,"column":0},"end":{"line":23,"column":30}},"23":{"start":{"line":24,"column":0},"end":{"line":24,"column":7}},"24":{"start":{"line":25,"column":0},"end":{"line":25,"column":0}},"25":{"start":{"line":26,"column":0},"end":{"line":26,"column":44}},"26":{"start":{"line":27,"column":0},"end":{"line":27,"column":0}},"27":{"start":{"line":28,"column":0},"end":{"line":28,"column":56}},"28":{"start":{"line":29,"column":0},"end":{"line":29,"column":51}},"29":{"start":{"line":30,"column":0},"end":{"line":30,"column":8}},"30":{"start":{"line":31,"column":0},"end":{"line":31,"column":0}},"31":{"start":{"line":32,"column":0},"end":{"line":32,"column":40}},"32":{"start":{"line":33,"column":0},"end":{"line":33,"column":16}},"33":{"start":{"line":34,"column":0},"end":{"line":34,"column":3}},"34":{"start":{"line":35,"column":0},"end":{"line":35,"column":1}},"35":{"start":{"line":36,"column":0},"end":{"line":36,"column":0}},"36":{"start":{"line":37,"column":0},"end":{"line":37,"column":52}},"37":{"start":{"line":38,"column":0},"end":{"line":38,"column":30}},"38":{"start":{"line":39,"column":0},"end":{"line":39,"column":0}},"39":{"start":{"line":40,"column":0},"end":{"line":40,"column":25}},"40":{"start":{"line":41,"column":0},"end":{"line":41,"column":29}},"41":{"start":{"line":42,"column":0},"end":{"line":42,"column":59}},"42":{"start":{"line":43,"column":0},"end":{"line":43,"column":32}},"43":{"start":{"line":44,"column":0},"end":{"line":44,"column":29}},"44":{"start":{"line":45,"column":0},"end":{"line":45,"column":60}},"45":{"start":{"line":46,"column":0},"end":{"line":46,"column":0}},"46":{"start":{"line":47,"column":0},"end":{"line":47,"column":55}},"47":{"start":{"line":48,"column":0},"end":{"line":48,"column":14}},"48":{"start":{"line":49,"column":0},"end":{"line":49,"column":40}},"49":{"start":{"line":50,"column":0},"end":{"line":50,"column":7}},"50":{"start":{"line":51,"column":0},"end":{"line":51,"column":12}},"51":{"start":{"line":52,"column":0},"end":{"line":52,"column":29}},"52":{"start":{"line":53,"column":0},"end":{"line":53,"column":5}},"53":{"start":{"line":54,"column":0},"end":{"line":54,"column":4}},"54":{"start":{"line":55,"column":0},"end":{"line":55,"column":0}},"55":{"start":{"line":56,"column":0},"end":{"line":56,"column":42}},"56":{"start":{"line":57,"column":0},"end":{"line":57,"column":1}},"57":{"start":{"line":58,"column":0},"end":{"line":58,"column":0}},"58":{"start":{"line":59,"column":0},"end":{"line":59,"column":62}},"59":{"start":{"line":60,"column":0},"end":{"line":60,"column":32}},"60":{"start":{"line":61,"column":0},"end":{"line":61,"column":29}},"61":{"start":{"line":62,"column":0},"end":{"line":62,"column":37}},"62":{"start":{"line":63,"column":0},"end":{"line":63,"column":51}},"63":{"start":{"line":64,"column":0},"end":{"line":64,"column":48}},"64":{"start":{"line":65,"column":0},"end":{"line":65,"column":25}},"65":{"start":{"line":66,"column":0},"end":{"line":66,"column":7}},"66":{"start":{"line":67,"column":0},"end":{"line":67,"column":6}},"67":{"start":{"line":68,"column":0},"end":{"line":68,"column":3}},"68":{"start":{"line":69,"column":0},"end":{"line":69,"column":1}}},"s":{"0":1,"1":1,"2":1,"3":1,"4":1,"5":1,"6":1,"7":1,"8":1,"9":1,"10":1,"11":1,"12":1,"13":1,"14":7,"15":7,"16":7,"17":7,"18":6,"19":6,"20":6,"21":6,"22":6,"23":6,"24":6,"25":6,"26":6,"27":6,"28":6,"29":6,"30":6,"31":6,"32":6,"33":6,"34":7,"35":1,"36":7,"37":7,"38":7,"39":7,"40":8,"41":5,"42":4,"43":4,"44":4,"45":4,"46":4,"47":5,"48":1,"49":1,"50":8,"51":3,"52":3,"53":7,"54":7,"55":7,"56":7,"57":1,"58":7,"59":7,"60":6,"61":7,"62":1,"63":2,"64":1,"65":1,"66":1,"67":1,"68":7},"branchMap":{"0":{"type":"branch","line":14,"loc":{"start":{"line":14,"column":7},"end":{"line":35,"column":1}},"locations":[{"start":{"line":14,"column":7},"end":{"line":35,"column":1}}]},"1":{"type":"branch","line":18,"loc":{"start":{"line":18,"column":9},"end":{"line":34,"column":3}},"locations":[{"start":{"line":18,"column":9},"end":{"line":34,"column":3}}]},"2":{"type":"branch","line":19,"loc":{"start":{"line":19,"column":19},"end":{"line":33,"column":7}},"locations":[{"start":{"line":19,"column":19},"end":{"line":33,"column":7}}]},"3":{"type":"branch","line":20,"loc":{"start":{"line":20,"column":31},"end":{"line":20,"column":48}},"locations":[{"start":{"line":20,"column":31},"end":{"line":20,"column":48}}]},"4":{"type":"branch","line":28,"loc":{"start":{"line":28,"column":37},"end":{"line":30,"column":7}},"locations":[{"start":{"line":28,"column":37},"end":{"line":30,"column":7}}]},"5":{"type":"branch","line":35,"loc":{"start":{"line":35,"column":0},"end":{"line":35,"column":1}},"locations":[{"start":{"line":35,"column":0},"end":{"line":35,"column":1}}]},"6":{"type":"branch","line":37,"loc":{"start":{"line":37,"column":0},"end":{"line":57,"column":1}},"locations":[{"start":{"line":37,"column":0},"end":{"line":57,"column":1}}]},"7":{"type":"branch","line":40,"loc":{"start":{"line":40,"column":15},"end":{"line":54,"column":3}},"locations":[{"start":{"line":40,"column":15},"end":{"line":54,"column":3}}]},"8":{"type":"branch","line":41,"loc":{"start":{"line":41,"column":28},"end":{"line":51,"column":11}},"locations":[{"start":{"line":41,"column":28},"end":{"line":51,"column":11}}]},"9":{"type":"branch","line":42,"loc":{"start":{"line":42,"column":58},"end":{"line":48,"column":13}},"locations":[{"start":{"line":42,"column":58},"end":{"line":48,"column":13}}]},"10":{"type":"branch","line":45,"loc":{"start":{"line":45,"column":38},"end":{"line":45,"column":51}},"locations":[{"start":{"line":45,"column":38},"end":{"line":45,"column":51}}]},"11":{"type":"branch","line":45,"loc":{"start":{"line":45,"column":47},"end":{"line":45,"column":60}},"locations":[{"start":{"line":45,"column":47},"end":{"line":45,"column":60}}]},"12":{"type":"branch","line":47,"loc":{"start":{"line":47,"column":27},"end":{"line":47,"column":48}},"locations":[{"start":{"line":47,"column":27},"end":{"line":47,"column":48}}]},"13":{"type":"branch","line":47,"loc":{"start":{"line":47,"column":39},"end":{"line":47,"column":54}},"locations":[{"start":{"line":47,"column":39},"end":{"line":47,"column":54}}]},"14":{"type":"branch","line":48,"loc":{"start":{"line":48,"column":6},"end":{"line":50,"column":7}},"locations":[{"start":{"line":48,"column":6},"end":{"line":50,"column":7}}]},"15":{"type":"branch","line":51,"loc":{"start":{"line":51,"column":4},"end":{"line":53,"column":5}},"locations":[{"start":{"line":51,"column":4},"end":{"line":53,"column":5}}]},"16":{"type":"branch","line":59,"loc":{"start":{"line":59,"column":0},"end":{"line":69,"column":1}},"locations":[{"start":{"line":59,"column":0},"end":{"line":69,"column":1}}]},"17":{"type":"branch","line":60,"loc":{"start":{"line":60,"column":31},"end":{"line":62,"column":13}},"locations":[{"start":{"line":60,"column":31},"end":{"line":62,"column":13}}]},"18":{"type":"branch","line":62,"loc":{"start":{"line":62,"column":2},"end":{"line":68,"column":3}},"locations":[{"start":{"line":62,"column":2},"end":{"line":68,"column":3}}]},"19":{"type":"branch","line":63,"loc":{"start":{"line":63,"column":32},"end":{"line":67,"column":5}},"locations":[{"start":{"line":63,"column":32},"end":{"line":67,"column":5}}]},"20":{"type":"branch","line":64,"loc":{"start":{"line":64,"column":47},"end":{"line":66,"column":7}},"locations":[{"start":{"line":64,"column":47},"end":{"line":66,"column":7}}]}},"b":{"0":[7],"1":[6],"2":[6],"3":[4],"4":[6],"5":[7],"6":[7],"7":[8],"8":[5],"9":[4],"10":[3],"11":[1],"12":[3],"13":[1],"14":[1],"15":[3],"16":[7],"17":[6],"18":[1],"19":[2],"20":[1]},"fnMap":{"0":{"name":"createStyles","decl":{"start":{"line":14,"column":7},"end":{"line":35,"column":1}},"loc":{"start":{"line":14,"column":7},"end":{"line":35,"column":1}},"line":14},"1":{"name":"useStyles","decl":{"start":{"line":18,"column":9},"end":{"line":34,"column":3}},"loc":{"start":{"line":18,"column":9},"end":{"line":34,"column":3}},"line":18},"2":{"name":"get","decl":{"start":{"line":35,"column":0},"end":{"line":35,"column":1}},"loc":{"start":{"line":35,"column":0},"end":{"line":35,"column":1}},"line":35},"3":{"name":"classNames","decl":{"start":{"line":37,"column":0},"end":{"line":57,"column":1}},"loc":{"start":{"line":37,"column":0},"end":{"line":57,"column":1}},"line":37},"4":{"name":"pushClass","decl":{"start":{"line":59,"column":0},"end":{"line":69,"column":1}},"loc":{"start":{"line":59,"column":0},"end":{"line":69,"column":1}},"line":59}},"f":{"0":7,"1":6,"2":7,"3":7,"4":7}}
}
